<?xml version="1.0" encoding="UTF-8"?>
<!-- Generated by org.testng.reporters.JUnitReportReporter -->
<testsuite hostname="BINTERNS-QA39L" failures="0" tests="6" name="testfiles.kidsfunctionality" time="1.432" errors="0" timestamp="2023-05-02T18:17:17 IST" skipped="0">
  <testcase classname="testfiles.kidsfunctionality" name="clicklogowomen" time="0.409"/>
  <system-out/>
  <testcase classname="testfiles.kidsfunctionality" name="clickkids" time="0.741"/>
  <system-out/>
  <testcase classname="testfiles.kidsfunctionality" name="clickhome" time="0.091"/>
  <system-out/>
  <testcase classname="testfiles.kidsfunctionality" name="clickhomelink" time="0.057"/>
  <system-out/>
  <testcase classname="testfiles.kidsfunctionality" name="clickwomen" time="0.063"/>
  <system-out/>
  <testcase classname="testfiles.kidsfunctionality" name="clickdress" time="0.071"/>
  <system-out/>
</testsuite> <!-- testfiles.kidsfunctionality -->
