<?xml version="1.0" encoding="UTF-8"?>
<!-- Generated by org.testng.reporters.JUnitReportReporter -->
<testsuite hostname="BINTERNS-QA39L" failures="0" tests="10" name="swiggytests.filterstest" time="2.687" errors="0" timestamp="2023-05-10T18:26:37 IST" skipped="0">
  <testcase classname="swiggytests.filterstest" name="clicklocation" time="0.077"/>
  <system-out/>
  <testcase classname="swiggytests.filterstest" name="clicklocationfill" time="0.580"/>
  <system-out/>
  <testcase classname="swiggytests.filterstest" name="clickfilters" time="1.023"/>
  <system-out/>
  <testcase classname="swiggytests.filterstest" name="clickitems1" time="0.640"/>
  <system-out/>
  <testcase classname="swiggytests.filterstest" name="clickitems2" time="0.048"/>
  <system-out/>
  <testcase classname="swiggytests.filterstest" name="clickitems3" time="0.056"/>
  <system-out/>
  <testcase classname="swiggytests.filterstest" name="clickitems4" time="0.062"/>
  <system-out/>
  <testcase classname="swiggytests.filterstest" name="clickitems5" time="0.051"/>
  <system-out/>
  <testcase classname="swiggytests.filterstest" name="clickitems6" time="0.054"/>
  <system-out/>
  <testcase classname="swiggytests.filterstest" name="clickitems7" time="0.096"/>
  <system-out/>
</testsuite> <!-- swiggytests.filterstest -->
