<?xml version="1.0" encoding="UTF-8"?>
<!-- Generated by org.testng.reporters.JUnitReportReporter -->
<testsuite hostname="BINTERNS-QA39L" failures="0" tests="5" name="swiggytests.clickonalllinks" time="2.962" errors="0" timestamp="2023-05-08T14:55:45 IST" skipped="0">
  <testcase classname="swiggytests.clickonalllinks" name="clicklocation" time="0.071"/>
  <system-out/>
  <testcase classname="swiggytests.clickonalllinks" name="clicklocationfill" time="1.383"/>
  <system-out/>
  <testcase classname="swiggytests.clickonalllinks" name="clicklink1" time="1.354"/>
  <system-out/>
  <testcase classname="swiggytests.clickonalllinks" name="clicklink2" time="0.079"/>
  <system-out/>
  <testcase classname="swiggytests.clickonalllinks" name="clicklink3" time="0.075"/>
  <system-out/>
</testsuite> <!-- swiggytests.clickonalllinks -->
