<?xml version="1.0" encoding="UTF-8"?>
<!-- Generated by org.testng.reporters.JUnitReportReporter -->
<testsuite hostname="BINTERNS-QA39L" failures="0" tests="8" name="swiggytests.searchfunctionality" time="5.800" errors="0" timestamp="2023-05-10T14:32:37 IST" skipped="0">
  <testcase classname="swiggytests.searchfunctionality" name="clicklocation" time="0.058"/>
  <system-out/>
  <testcase classname="swiggytests.searchfunctionality" name="clicklocationfill" time="0.605"/>
  <system-out/>
  <testcase classname="swiggytests.searchfunctionality" name="clicksearchbutton" time="0.879"/>
  <system-out/>
  <testcase classname="swiggytests.searchfunctionality" name="clicksearchpiza" time="0.540"/>
  <system-out/>
  <testcase classname="swiggytests.searchfunctionality" name="clickpiz" time="1.122"/>
  <system-out/>
  <testcase classname="swiggytests.searchfunctionality" name="clickresturant" time="0.884"/>
  <system-out/>
  <testcase classname="swiggytests.searchfunctionality" name="clickdishes" time="0.773"/>
  <system-out/>
  <testcase classname="swiggytests.searchfunctionality" name="clicklogo" time="0.939"/>
  <system-out/>
</testsuite> <!-- swiggytests.searchfunctionality -->
