<?xml version="1.0" encoding="UTF-8"?>
<!-- Generated by org.testng.reporters.JUnitReportReporter -->
<testsuite hostname="BINTERNS-QA39L" failures="0" tests="4" name="testfiles.searchbuttoninlimeroad" time="1.403" errors="0" timestamp="2023-05-02T17:12:36 IST" skipped="0">
  <testcase classname="testfiles.searchbuttoninlimeroad" name="clicklogowomen" time="0.615"/>
  <system-out/>
  <testcase classname="testfiles.searchbuttoninlimeroad" name="clicksearch" time="0.535"/>
  <system-out/>
  <testcase classname="testfiles.searchbuttoninlimeroad" name="searchitem" time="0.151"/>
  <system-out/>
  <testcase classname="testfiles.searchbuttoninlimeroad" name="searchbutton" time="0.102"/>
  <system-out/>
</testsuite> <!-- testfiles.searchbuttoninlimeroad -->
