<?xml version="1.0" encoding="UTF-8"?>
<!-- Generated by org.testng.reporters.JUnitReportReporter -->
<testsuite hostname="BINTERNS-QA39L" failures="0" tests="5" name="swiggytests.offerstest" time="3.082" errors="0" timestamp="2023-05-15T15:53:21 IST" skipped="0">
  <testcase classname="swiggytests.offerstest" name="clicklocation" time="0.065"/>
  <system-out/>
  <testcase classname="swiggytests.offerstest" name="clicklocationfill" time="0.583"/>
  <system-out/>
  <testcase classname="swiggytests.offerstest" name="clickoffers" time="1.671"/>
  <system-out/>
  <testcase classname="swiggytests.offerstest" name="clickpayment" time="0.704"/>
  <system-out/>
  <testcase classname="swiggytests.offerstest" name="clickoffer1" time="0.059"/>
  <system-out/>
</testsuite> <!-- swiggytests.offerstest -->
