<?xml version="1.0" encoding="UTF-8"?>
<!-- Generated by org.testng.reporters.JUnitReportReporter -->
<testsuite hostname="BINTERNS-QA39L" failures="0" tests="6" name="testfiles.visibilitytestoflimeroad" time="0.624" errors="0" timestamp="2023-05-09T14:19:38 IST" skipped="0">
  <testcase classname="testfiles.visibilitytestoflimeroad" name="clicklogowomen" time="0.466"/>
  <system-out/>
  <testcase classname="testfiles.visibilitytestoflimeroad" name="logo" time="0.038"/>
  <system-out/>
  <testcase classname="testfiles.visibilitytestoflimeroad" name="menlogo" time="0.031"/>
  <system-out/>
  <testcase classname="testfiles.visibilitytestoflimeroad" name="kidslogo" time="0.039"/>
  <system-out/>
  <testcase classname="testfiles.visibilitytestoflimeroad" name="homelogo" time="0.026"/>
  <system-out/>
  <testcase classname="testfiles.visibilitytestoflimeroad" name="offerlogo" time="0.024"/>
  <system-out/>
</testsuite> <!-- testfiles.visibilitytestoflimeroad -->
