<?xml version="1.0" encoding="UTF-8"?>
<!-- Generated by org.testng.reporters.JUnitReportReporter -->
<testsuite hostname="BINTERNS-QA39L" failures="0" tests="10" name="swiggytests.filterstest" time="2.945" errors="0" timestamp="2023-05-15T17:53:33 IST" skipped="0">
  <testcase classname="swiggytests.filterstest" name="clicklocation" time="0.074"/>
  <system-out/>
  <testcase classname="swiggytests.filterstest" name="clicklocationfill" time="0.584"/>
  <system-out/>
  <testcase classname="swiggytests.filterstest" name="clickfilters" time="1.797"/>
  <system-out/>
  <testcase classname="swiggytests.filterstest" name="clickitems1" time="0.128"/>
  <system-out/>
  <testcase classname="swiggytests.filterstest" name="clickitems2" time="0.050"/>
  <system-out/>
  <testcase classname="swiggytests.filterstest" name="clickitems3" time="0.053"/>
  <system-out/>
  <testcase classname="swiggytests.filterstest" name="clickitems4" time="0.080"/>
  <system-out/>
  <testcase classname="swiggytests.filterstest" name="clickitems5" time="0.046"/>
  <system-out/>
  <testcase classname="swiggytests.filterstest" name="clickitems6" time="0.045"/>
  <system-out/>
  <testcase classname="swiggytests.filterstest" name="clickitems7" time="0.088"/>
  <system-out/>
</testsuite> <!-- swiggytests.filterstest -->
