<?xml version="1.0" encoding="UTF-8"?>
<!-- Generated by org.testng.reporters.JUnitReportReporter -->
<testsuite hostname="BINTERNS-QA39L" failures="0" tests="10" name="swiggytests.filterstest" time="2.401" errors="0" timestamp="2023-05-11T18:53:14 IST" skipped="0">
  <testcase classname="swiggytests.filterstest" name="clicklocation" time="0.072"/>
  <system-out/>
  <testcase classname="swiggytests.filterstest" name="clicklocationfill" time="0.609"/>
  <system-out/>
  <testcase classname="swiggytests.filterstest" name="clickfilters" time="1.213"/>
  <system-out/>
  <testcase classname="swiggytests.filterstest" name="clickitems1" time="0.138"/>
  <system-out/>
  <testcase classname="swiggytests.filterstest" name="clickitems2" time="0.052"/>
  <system-out/>
  <testcase classname="swiggytests.filterstest" name="clickitems3" time="0.058"/>
  <system-out/>
  <testcase classname="swiggytests.filterstest" name="clickitems4" time="0.064"/>
  <system-out/>
  <testcase classname="swiggytests.filterstest" name="clickitems5" time="0.052"/>
  <system-out/>
  <testcase classname="swiggytests.filterstest" name="clickitems6" time="0.055"/>
  <system-out/>
  <testcase classname="swiggytests.filterstest" name="clickitems7" time="0.088"/>
  <system-out/>
</testsuite> <!-- swiggytests.filterstest -->
